ffmpeg version 6.1.1-3ubuntu5 Copyright (c) 2000-2023 the FFmpeg developers
  built with gcc 13 (Ubuntu 13.2.0-23ubuntu3)
  configuration: --prefix=/usr --extra-version=3ubuntu5 --toolchain=hardened --libdir=/usr/lib/x86_64-linux-gnu --incdir=/usr/include/x86_64-linux-gnu --arch=amd64 --enable-gpl --disable-stripping --disable-omx --enable-gnutls --enable-libaom --enable-libass --enable-libbs2b --enable-libcaca --enable-libcdio --enable-libcodec2 --enable-libdav1d --enable-libflite --enable-libfontconfig --enable-libfreetype --enable-libfribidi --enable-libglslang --enable-libgme --enable-libgsm --enable-libharfbuzz --enable-libmp3lame --enable-libmysofa --enable-libopenjpeg --enable-libopenmpt --enable-libopus --enable-librubberband --enable-libshine --enable-libsnappy --enable-libsoxr --enable-libspeex --enable-libtheora --enable-libtwolame --enable-libvidstab --enable-libvorbis --enable-libvpx --enable-libwebp --enable-libx265 --enable-libxml2 --enable-libxvid --enable-libzimg --enable-openal --enable-opencl --enable-opengl --disable-sndio --enable-libvpl --disable-libmfx --enable-libdc1394 --enable-libdrm --enable-libiec61883 --enable-chromaprint --enable-frei0r --enable-ladspa --enable-libbluray --enable-libjack --enable-libpulse --enable-librabbitmq --enable-librist --enable-libsrt --enable-libssh --enable-libsvtav1 --enable-libx264 --enable-libzmq --enable-libzvbi --enable-lv2 --enable-sdl2 --enable-libplacebo --enable-librav1e --enable-pocketsphinx --enable-librsvg --enable-libjxl --enable-shared
  libavutil      58. 29.100 / 58. 29.100
  libavcodec     60. 31.102 / 60. 31.102
  libavformat    60. 16.100 / 60. 16.100
  libavdevice    60.  3.100 / 60.  3.100
  libavfilter     9. 12.100 /  9. 12.100
  libswscale      7.  5.100 /  7.  5.100
  libswresample   4. 12.100 /  4. 12.100
  libpostproc    57.  3.100 / 57.  3.100
Splitting the commandline.
Reading option '-i' ... matched as output url with argument 'http://[2409:8087:1:20:20::2c]/otttv.bj.chinamobile.com/PLTV/88888888/224/3221226895/1.m3u8?GuardEncType=2&accountinfo=~%7EV2.0%7EI0Rkc6neBYgfpoJ1yud8Fw%7E_eNUbgU9sJGUcVVduOMKhafLvQUgE_zlz_7pvDimJNPpqgHe3PQ5GNQoO-yUgA8C%2CEND'.
Reading option '-t' ... matched as option 't' (record or transcode "duration" seconds of audio/video) with argument '25'.
Reading option '-c' ... matched as option 'c' (codec name) with argument 'copy'.
Reading option '-f' ... matched as option 'f' (force format) with argument 'null'.
Reading option '-loglevel' ... matched as option 'loglevel' (set logging level) with argument 'debug'.
Reading option '-' ... matched as output url.
Finished splitting the commandline.
Parsing a group of options: global .
Applying option loglevel (set logging level) with argument debug.
Successfully parsed a group of options.
Parsing a group of options: input url http://[2409:8087:1:20:20::2c]/otttv.bj.chinamobile.com/PLTV/88888888/224/3221226895/1.m3u8?GuardEncType=2&accountinfo=~%7EV2.0%7EI0Rkc6neBYgfpoJ1yud8Fw%7E_eNUbgU9sJGUcVVduOMKhafLvQUgE_zlz_7pvDimJNPpqgHe3PQ5GNQoO-yUgA8C%2CEND.
Successfully parsed a group of options.
Opening an input file: http://[2409:8087:1:20:20::2c]/otttv.bj.chinamobile.com/PLTV/88888888/224/3221226895/1.m3u8?GuardEncType=2&accountinfo=~%7EV2.0%7EI0Rkc6neBYgfpoJ1yud8Fw%7E_eNUbgU9sJGUcVVduOMKhafLvQUgE_zlz_7pvDimJNPpqgHe3PQ5GNQoO-yUgA8C%2CEND.
[AVFormatContext @ 0x558350afd840] Opening 'http://[2409:8087:1:20:20::2c]/otttv.bj.chinamobile.com/PLTV/88888888/224/3221226895/1.m3u8?GuardEncType=2&accountinfo=~%7EV2.0%7EI0Rkc6neBYgfpoJ1yud8Fw%7E_eNUbgU9sJGUcVVduOMKhafLvQUgE_zlz_7pvDimJNPpqgHe3PQ5GNQoO-yUgA8C%2CEND' for reading
[http @ 0x558350afdf00] Setting default whitelist 'http,https,tls,rtp,tcp,udp,crypto,httpproxy,data'
[tcp @ 0x558350aafe00] Original list of addresses:
[tcp @ 0x558350aafe00] Address 2409:8087:1:20:20::2c port 80
[tcp @ 0x558350aafe00] Interleaved list of addresses:
[tcp @ 0x558350aafe00] Address 2409:8087:1:20:20::2c port 80
[tcp @ 0x558350aafe00] Starting connection attempt to 2409:8087:1:20:20::2c port 80
[tcp @ 0x558350aafe00] Connected attempt failed: Network is unreachable
[tcp @ 0x558350aafe00] Connection to tcp://[2409:8087:1:20:20::2c]:80 failed: Network is unreachable
[in#0 @ 0x558350afd740] Error opening input: Network is unreachable
Error opening input file http://[2409:8087:1:20:20::2c]/otttv.bj.chinamobile.com/PLTV/88888888/224/3221226895/1.m3u8?GuardEncType=2&accountinfo=~%7EV2.0%7EI0Rkc6neBYgfpoJ1yud8Fw%7E_eNUbgU9sJGUcVVduOMKhafLvQUgE_zlz_7pvDimJNPpqgHe3PQ5GNQoO-yUgA8C%2CEND.
Error opening input files: Network is unreachable
